
**** Build of configuration Debug for project FreeRTOS_1 ****

"C:\\ti\\ccs910\\ccs\\utils\\bin\\gmake" -k -j 4 all -O 
 
Building file: "../source/esm.c"
Invoking: ARM Compiler
"C:/ti/ccs910/ccs/tools/compiler/ti-cgt-arm_18.12.2.LTS/bin/armcl" -mv7R4 --code_state=32 --float_support=VFPv3D16 --include_path="C:/Users/sormoh/Desktop/Personal/Phantom/Software/FreeRTOS_1/include" --include_path="C:/Users/PTL/Desktop/Phantom/firmware/FreeRTOS Development" --include_path="C:/ti/ccs910/ccs/tools/compiler/ti-cgt-arm_18.12.2.LTS/include" -g --diag_warning=225 --diag_wrap=off --display_error_number --enum_type=packed --abi=eabi --preproc_with_compile --preproc_dependency="source/esm.d_raw" --obj_directory="source"  "../source/esm.c"
 
>> Compilation failure
source/subdir_rules.mk:9: recipe for target 'source/esm.obj' failed
"../source/esm.c", line 52: fatal error #1965: cannot open source file "esm.h"
1 catastrophic error detected in the compilation of "../source/esm.c".
Compilation terminated.
gmake: *** [source/esm.obj] Error 1
Building file: "../source/adc.c"
Invoking: ARM Compiler
"C:/ti/ccs910/ccs/tools/compiler/ti-cgt-arm_18.12.2.LTS/bin/armcl" -mv7R4 --code_state=32 --float_support=VFPv3D16 --include_path="C:/Users/sormoh/Desktop/Personal/Phantom/Software/FreeRTOS_1/include" --include_path="C:/Users/PTL/Desktop/Phantom/firmware/FreeRTOS Development" --include_path="C:/ti/ccs910/ccs/tools/compiler/ti-cgt-arm_18.12.2.LTS/include" -g --diag_warning=225 --diag_wrap=off --display_error_number --enum_type=packed --abi=eabi --preproc_with_compile --preproc_dependency="source/adc.d_raw" --obj_directory="source"  "../source/adc.c"
 
>> Compilation failure
source/subdir_rules.mk:9: recipe for target 'source/adc.obj' failed
"../source/adc.c", line 53: fatal error #1965: cannot open source file "adc.h"
1 catastrophic error detected in the compilation of "../source/adc.c".
Compilation terminated.
gmake: *** [source/adc.obj] Error 1
Building file: "../source/can.c"
Invoking: ARM Compiler
"C:/ti/ccs910/ccs/tools/compiler/ti-cgt-arm_18.12.2.LTS/bin/armcl" -mv7R4 --code_state=32 --float_support=VFPv3D16 --include_path="C:/Users/sormoh/Desktop/Personal/Phantom/Software/FreeRTOS_1/include" --include_path="C:/Users/PTL/Desktop/Phantom/firmware/FreeRTOS Development" --include_path="C:/ti/ccs910/ccs/tools/compiler/ti-cgt-arm_18.12.2.LTS/include" -g --diag_warning=225 --diag_wrap=off --display_error_number --enum_type=packed --abi=eabi --preproc_with_compile --preproc_dependency="source/can.d_raw" --obj_directory="source"  "../source/can.c"
 
>> Compilation failure
source/subdir_rules.mk:9: recipe for target 'source/can.obj' failed
"../source/can.c", line 55: fatal error #1965: cannot open source file "can.h"
1 catastrophic error detected in the compilation of "../source/can.c".
Compilation terminated.
gmake: *** [source/can.obj] Error 1
Building file: "../source/gio.c"
Invoking: ARM Compiler
"C:/ti/ccs910/ccs/tools/compiler/ti-cgt-arm_18.12.2.LTS/bin/armcl" -mv7R4 --code_state=32 --float_support=VFPv3D16 --include_path="C:/Users/sormoh/Desktop/Personal/Phantom/Software/FreeRTOS_1/include" --include_path="C:/Users/PTL/Desktop/Phantom/firmware/FreeRTOS Development" --include_path="C:/ti/ccs910/ccs/tools/compiler/ti-cgt-arm_18.12.2.LTS/include" -g --diag_warning=225 --diag_wrap=off --display_error_number --enum_type=packed --abi=eabi --preproc_with_compile --preproc_dependency="source/gio.d_raw" --obj_directory="source"  "../source/gio.c"
 
>> Compilation failure
source/subdir_rules.mk:9: recipe for target 'source/gio.obj' failed
"../source/gio.c", line 46: fatal error #1965: cannot open source file "gio.h"
1 catastrophic error detected in the compilation of "../source/gio.c".
Compilation terminated.
gmake: *** [source/gio.obj] Error 1
Building file: "../source/inputOutput.c"
Invoking: ARM Compiler
"C:/ti/ccs910/ccs/tools/compiler/ti-cgt-arm_18.12.2.LTS/bin/armcl" -mv7R4 --code_state=32 --float_support=VFPv3D16 --include_path="C:/Users/sormoh/Desktop/Personal/Phantom/Software/FreeRTOS_1/include" --include_path="C:/Users/PTL/Desktop/Phantom/firmware/FreeRTOS Development" --include_path="C:/ti/ccs910/ccs/tools/compiler/ti-cgt-arm_18.12.2.LTS/include" -g --diag_warning=225 --diag_wrap=off --display_error_number --enum_type=packed --abi=eabi --preproc_with_compile --preproc_dependency="source/inputOutput.d_raw" --obj_directory="source"  "../source/inputOutput.c"
 
>> Compilation failure
source/subdir_rules.mk:9: recipe for target 'source/inputOutput.obj' failed
"../source/inputOutput.c", line 10: fatal error #1965: cannot open source file "esm.h"
1 catastrophic error detected in the compilation of "../source/inputOutput.c".
Compilation terminated.
gmake: *** [source/inputOutput.obj] Error 1
Building file: "../source/het.c"
Invoking: ARM Compiler
"C:/ti/ccs910/ccs/tools/compiler/ti-cgt-arm_18.12.2.LTS/bin/armcl" -mv7R4 --code_state=32 --float_support=VFPv3D16 --include_path="C:/Users/sormoh/Desktop/Personal/Phantom/Software/FreeRTOS_1/include" --include_path="C:/Users/PTL/Desktop/Phantom/firmware/FreeRTOS Development" --include_path="C:/ti/ccs910/ccs/tools/compiler/ti-cgt-arm_18.12.2.LTS/include" -g --diag_warning=225 --diag_wrap=off --display_error_number --enum_type=packed --abi=eabi --preproc_with_compile --preproc_dependency="source/het.d_raw" --obj_directory="source"  "../source/het.c"
 
>> Compilation failure
source/subdir_rules.mk:9: recipe for target 'source/het.obj' failed
"../source/het.c", line 43: fatal error #1965: cannot open source file "het.h"
1 catastrophic error detected in the compilation of "../source/het.c".
Compilation terminated.
gmake: *** [source/het.obj] Error 1
Building file: "../source/malloc.c"
Invoking: ARM Compiler
"C:/ti/ccs910/ccs/tools/compiler/ti-cgt-arm_18.12.2.LTS/bin/armcl" -mv7R4 --code_state=32 --float_support=VFPv3D16 --include_path="C:/Users/sormoh/Desktop/Personal/Phantom/Software/FreeRTOS_1/include" --include_path="C:/Users/PTL/Desktop/Phantom/firmware/FreeRTOS Development" --include_path="C:/ti/ccs910/ccs/tools/compiler/ti-cgt-arm_18.12.2.LTS/include" -g --diag_warning=225 --diag_wrap=off --display_error_number --enum_type=packed --abi=eabi --preproc_with_compile --preproc_dependency="source/malloc.d_raw" --obj_directory="source"  "../source/malloc.c"
 
>> Compilation failure
source/subdir_rules.mk:9: recipe for target 'source/malloc.obj' failed
"../source/malloc.c", line 10: fatal error #1965: cannot open source file "malloc.h"
1 catastrophic error detected in the compilation of "../source/malloc.c".
Compilation terminated.
gmake: *** [source/malloc.obj] Error 1
Building file: "../source/notification.c"
Invoking: ARM Compiler
"C:/ti/ccs910/ccs/tools/compiler/ti-cgt-arm_18.12.2.LTS/bin/armcl" -mv7R4 --code_state=32 --float_support=VFPv3D16 --include_path="C:/Users/sormoh/Desktop/Personal/Phantom/Software/FreeRTOS_1/include" --include_path="C:/Users/PTL/Desktop/Phantom/firmware/FreeRTOS Development" --include_path="C:/ti/ccs910/ccs/tools/compiler/ti-cgt-arm_18.12.2.LTS/include" -g --diag_warning=225 --diag_wrap=off --display_error_number --enum_type=packed --abi=eabi --preproc_with_compile --preproc_dependency="source/notification.d_raw" --obj_directory="source"  "../source/notification.c"
 
>> Compilation failure
source/subdir_rules.mk:9: recipe for target 'source/notification.obj' failed
"../source/notification.c", line 51: fatal error #1965: cannot open source file "esm.h"
1 catastrophic error detected in the compilation of "../source/notification.c".
Compilation terminated.
gmake: *** [source/notification.obj] Error 1
Building file: "../source/os_croutine.c"
Invoking: ARM Compiler
"C:/ti/ccs910/ccs/tools/compiler/ti-cgt-arm_18.12.2.LTS/bin/armcl" -mv7R4 --code_state=32 --float_support=VFPv3D16 --include_path="C:/Users/sormoh/Desktop/Personal/Phantom/Software/FreeRTOS_1/include" --include_path="C:/Users/PTL/Desktop/Phantom/firmware/FreeRTOS Development" --include_path="C:/ti/ccs910/ccs/tools/compiler/ti-cgt-arm_18.12.2.LTS/include" -g --diag_warning=225 --diag_wrap=off --display_error_number --enum_type=packed --abi=eabi --preproc_with_compile --preproc_dependency="source/os_croutine.d_raw" --obj_directory="source"  "../source/os_croutine.c"
 
>> Compilation failure
source/subdir_rules.mk:9: recipe for target 'source/os_croutine.obj' failed
"../source/os_croutine.c", line 70: fatal error #1965: cannot open source file "FreeRTOS.h"
1 catastrophic error detected in the compilation of "../source/os_croutine.c".
Compilation terminated.
gmake: *** [source/os_croutine.obj] Error 1
Building file: "../source/os_event_groups.c"
Invoking: ARM Compiler
"C:/ti/ccs910/ccs/tools/compiler/ti-cgt-arm_18.12.2.LTS/bin/armcl" -mv7R4 --code_state=32 --float_support=VFPv3D16 --include_path="C:/Users/sormoh/Desktop/Personal/Phantom/Software/FreeRTOS_1/include" --include_path="C:/Users/PTL/Desktop/Phantom/firmware/FreeRTOS Development" --include_path="C:/ti/ccs910/ccs/tools/compiler/ti-cgt-arm_18.12.2.LTS/include" -g --diag_warning=225 --diag_wrap=off --display_error_number --enum_type=packed --abi=eabi --preproc_with_compile --preproc_dependency="source/os_event_groups.d_raw" --obj_directory="source"  "../source/os_event_groups.c"
 
>> Compilation failure
source/subdir_rules.mk:9: recipe for target 'source/os_event_groups.obj' failed
"../source/os_event_groups.c", line 79: fatal error #1965: cannot open source file "FreeRTOS.h"
1 catastrophic error detected in the compilation of "../source/os_event_groups.c".
Compilation terminated.
gmake: *** [source/os_event_groups.obj] Error 1
Building file: "../source/os_heap.c"
Invoking: ARM Compiler
"C:/ti/ccs910/ccs/tools/compiler/ti-cgt-arm_18.12.2.LTS/bin/armcl" -mv7R4 --code_state=32 --float_support=VFPv3D16 --include_path="C:/Users/sormoh/Desktop/Personal/Phantom/Software/FreeRTOS_1/include" --include_path="C:/Users/PTL/Desktop/Phantom/firmware/FreeRTOS Development" --include_path="C:/ti/ccs910/ccs/tools/compiler/ti-cgt-arm_18.12.2.LTS/include" -g --diag_warning=225 --diag_wrap=off --display_error_number --enum_type=packed --abi=eabi --preproc_with_compile --preproc_dependency="source/os_heap.d_raw" --obj_directory="source"  "../source/os_heap.c"
 
>> Compilation failure
source/subdir_rules.mk:9: recipe for target 'source/os_heap.obj' failed
"../source/os_heap.c", line 81: fatal error #1965: cannot open source file "FreeRTOS.h"
1 catastrophic error detected in the compilation of "../source/os_heap.c".
Compilation terminated.
gmake: *** [source/os_heap.obj] Error 1
Building file: "../source/os_list.c"
Invoking: ARM Compiler
"C:/ti/ccs910/ccs/tools/compiler/ti-cgt-arm_18.12.2.LTS/bin/armcl" -mv7R4 --code_state=32 --float_support=VFPv3D16 --include_path="C:/Users/sormoh/Desktop/Personal/Phantom/Software/FreeRTOS_1/include" --include_path="C:/Users/PTL/Desktop/Phantom/firmware/FreeRTOS Development" --include_path="C:/ti/ccs910/ccs/tools/compiler/ti-cgt-arm_18.12.2.LTS/include" -g --diag_warning=225 --diag_wrap=off --display_error_number --enum_type=packed --abi=eabi --preproc_with_compile --preproc_dependency="source/os_list.d_raw" --obj_directory="source"  "../source/os_list.c"
 
>> Compilation failure
source/subdir_rules.mk:9: recipe for target 'source/os_list.obj' failed
"../source/os_list.c", line 72: fatal error #1965: cannot open source file "FreeRTOS.h"
1 catastrophic error detected in the compilation of "../source/os_list.c".
Compilation terminated.
gmake: *** [source/os_list.obj] Error 1
Building file: "../source/os_mpu_wrappers.c"
Invoking: ARM Compiler
"C:/ti/ccs910/ccs/tools/compiler/ti-cgt-arm_18.12.2.LTS/bin/armcl" -mv7R4 --code_state=32 --float_support=VFPv3D16 --include_path="C:/Users/sormoh/Desktop/Personal/Phantom/Software/FreeRTOS_1/include" --include_path="C:/Users/PTL/Desktop/Phantom/firmware/FreeRTOS Development" --include_path="C:/ti/ccs910/ccs/tools/compiler/ti-cgt-arm_18.12.2.LTS/include" -g --diag_warning=225 --diag_wrap=off --display_error_number --enum_type=packed --abi=eabi --preproc_with_compile --preproc_dependency="source/os_mpu_wrappers.d_raw" --obj_directory="source"  "../source/os_mpu_wrappers.c"
 
>> Compilation failure
source/subdir_rules.mk:9: recipe for target 'source/os_mpu_wrappers.obj' failed
"../source/os_mpu_wrappers.c", line 70: fatal error #1965: cannot open source file "FreeRTOS.h"
1 catastrophic error detected in the compilation of "../source/os_mpu_wrappers.c".
Compilation terminated.
gmake: *** [source/os_mpu_wrappers.obj] Error 1
Building file: "../source/os_port.c"
Invoking: ARM Compiler
"C:/ti/ccs910/ccs/tools/compiler/ti-cgt-arm_18.12.2.LTS/bin/armcl" -mv7R4 --code_state=32 --float_support=VFPv3D16 --include_path="C:/Users/sormoh/Desktop/Personal/Phantom/Software/FreeRTOS_1/include" --include_path="C:/Users/PTL/Desktop/Phantom/firmware/FreeRTOS Development" --include_path="C:/ti/ccs910/ccs/tools/compiler/ti-cgt-arm_18.12.2.LTS/include" -g --diag_warning=225 --diag_wrap=off --display_error_number --enum_type=packed --abi=eabi --preproc_with_compile --preproc_dependency="source/os_port.d_raw" --obj_directory="source"  "../source/os_port.c"
 
>> Compilation failure
source/subdir_rules.mk:9: recipe for target 'source/os_port.obj' failed
"../source/os_port.c", line 75: fatal error #1965: cannot open source file "FreeRTOS.h"
1 catastrophic error detected in the compilation of "../source/os_port.c".
Compilation terminated.
gmake: *** [source/os_port.obj] Error 1
Building file: "../source/os_queue.c"
Invoking: ARM Compiler
"C:/ti/ccs910/ccs/tools/compiler/ti-cgt-arm_18.12.2.LTS/bin/armcl" -mv7R4 --code_state=32 --float_support=VFPv3D16 --include_path="C:/Users/sormoh/Desktop/Personal/Phantom/Software/FreeRTOS_1/include" --include_path="C:/Users/PTL/Desktop/Phantom/firmware/FreeRTOS Development" --include_path="C:/ti/ccs910/ccs/tools/compiler/ti-cgt-arm_18.12.2.LTS/include" -g --diag_warning=225 --diag_wrap=off --display_error_number --enum_type=packed --abi=eabi --preproc_with_compile --preproc_dependency="source/os_queue.d_raw" --obj_directory="source"  "../source/os_queue.c"
 
>> Compilation failure
source/subdir_rules.mk:9: recipe for target 'source/os_queue.obj' failed
"../source/os_queue.c", line 78: fatal error #1965: cannot open source file "FreeRTOS.h"
1 catastrophic error detected in the compilation of "../source/os_queue.c".
Compilation terminated.
gmake: *** [source/os_queue.obj] Error 1
Building file: "../source/os_tasks.c"
Invoking: ARM Compiler
"C:/ti/ccs910/ccs/tools/compiler/ti-cgt-arm_18.12.2.LTS/bin/armcl" -mv7R4 --code_state=32 --float_support=VFPv3D16 --include_path="C:/Users/sormoh/Desktop/Personal/Phantom/Software/FreeRTOS_1/include" --include_path="C:/Users/PTL/Desktop/Phantom/firmware/FreeRTOS Development" --include_path="C:/ti/ccs910/ccs/tools/compiler/ti-cgt-arm_18.12.2.LTS/include" -g --diag_warning=225 --diag_wrap=off --display_error_number --enum_type=packed --abi=eabi --preproc_with_compile --preproc_dependency="source/os_tasks.d_raw" --obj_directory="source"  "../source/os_tasks.c"
 
>> Compilation failure
source/subdir_rules.mk:9: recipe for target 'source/os_tasks.obj' failed
"../source/os_tasks.c", line 80: fatal error #1965: cannot open source file "FreeRTOS.h"
1 catastrophic error detected in the compilation of "../source/os_tasks.c".
Compilation terminated.
gmake: *** [source/os_tasks.obj] Error 1
Building file: "../source/os_timer.c"
Invoking: ARM Compiler
"C:/ti/ccs910/ccs/tools/compiler/ti-cgt-arm_18.12.2.LTS/bin/armcl" -mv7R4 --code_state=32 --float_support=VFPv3D16 --include_path="C:/Users/sormoh/Desktop/Personal/Phantom/Software/FreeRTOS_1/include" --include_path="C:/Users/PTL/Desktop/Phantom/firmware/FreeRTOS Development" --include_path="C:/ti/ccs910/ccs/tools/compiler/ti-cgt-arm_18.12.2.LTS/include" -g --diag_warning=225 --diag_wrap=off --display_error_number --enum_type=packed --abi=eabi --preproc_with_compile --preproc_dependency="source/os_timer.d_raw" --obj_directory="source"  "../source/os_timer.c"
 
>> Compilation failure
source/subdir_rules.mk:9: recipe for target 'source/os_timer.obj' failed
"../source/os_timer.c", line 78: fatal error #1965: cannot open source file "FreeRTOS.h"
1 catastrophic error detected in the compilation of "../source/os_timer.c".
Compilation terminated.
gmake: *** [source/os_timer.obj] Error 1
Building file: "../source/pinmux.c"
Invoking: ARM Compiler
"C:/ti/ccs910/ccs/tools/compiler/ti-cgt-arm_18.12.2.LTS/bin/armcl" -mv7R4 --code_state=32 --float_support=VFPv3D16 --include_path="C:/Users/sormoh/Desktop/Personal/Phantom/Software/FreeRTOS_1/include" --include_path="C:/Users/PTL/Desktop/Phantom/firmware/FreeRTOS Development" --include_path="C:/ti/ccs910/ccs/tools/compiler/ti-cgt-arm_18.12.2.LTS/include" -g --diag_warning=225 --diag_wrap=off --display_error_number --enum_type=packed --abi=eabi --preproc_with_compile --preproc_dependency="source/pinmux.d_raw" --obj_directory="source"  "../source/pinmux.c"
 
>> Compilation failure
source/subdir_rules.mk:9: recipe for target 'source/pinmux.obj' failed
"../source/pinmux.c", line 45: fatal error #1965: cannot open source file "pinmux.h"
1 catastrophic error detected in the compilation of "../source/pinmux.c".
Compilation terminated.
gmake: *** [source/pinmux.obj] Error 1
Building file: "../source/sci.c"
Invoking: ARM Compiler
"C:/ti/ccs910/ccs/tools/compiler/ti-cgt-arm_18.12.2.LTS/bin/armcl" -mv7R4 --code_state=32 --float_support=VFPv3D16 --include_path="C:/Users/sormoh/Desktop/Personal/Phantom/Software/FreeRTOS_1/include" --include_path="C:/Users/PTL/Desktop/Phantom/firmware/FreeRTOS Development" --include_path="C:/ti/ccs910/ccs/tools/compiler/ti-cgt-arm_18.12.2.LTS/include" -g --diag_warning=225 --diag_wrap=off --display_error_number --enum_type=packed --abi=eabi --preproc_with_compile --preproc_dependency="source/sci.d_raw" --obj_directory="source"  "../source/sci.c"
 
>> Compilation failure
source/subdir_rules.mk:9: recipe for target 'source/sci.obj' failed
"../source/sci.c", line 46: fatal error #1965: cannot open source file "sci.h"
1 catastrophic error detected in the compilation of "../source/sci.c".
Compilation terminated.
gmake: *** [source/sci.obj] Error 1
Building file: "../source/stateMachine.c"
Invoking: ARM Compiler
"C:/ti/ccs910/ccs/tools/compiler/ti-cgt-arm_18.12.2.LTS/bin/armcl" -mv7R4 --code_state=32 --float_support=VFPv3D16 --include_path="C:/Users/sormoh/Desktop/Personal/Phantom/Software/FreeRTOS_1/include" --include_path="C:/Users/PTL/Desktop/Phantom/firmware/FreeRTOS Development" --include_path="C:/ti/ccs910/ccs/tools/compiler/ti-cgt-arm_18.12.2.LTS/include" -g --diag_warning=225 --diag_wrap=off --display_error_number --enum_type=packed --abi=eabi --preproc_with_compile --preproc_dependency="source/stateMachine.d_raw" --obj_directory="source"  "../source/stateMachine.c"
 
>> Compilation failure
source/subdir_rules.mk:9: recipe for target 'source/stateMachine.obj' failed
"../source/stateMachine.c", line 9: fatal error #1965: cannot open source file "inputOutput.h"
1 catastrophic error detected in the compilation of "../source/stateMachine.c".
Compilation terminated.
gmake: *** [source/stateMachine.obj] Error 1
Building file: "../source/sys_dma.c"
Invoking: ARM Compiler
"C:/ti/ccs910/ccs/tools/compiler/ti-cgt-arm_18.12.2.LTS/bin/armcl" -mv7R4 --code_state=32 --float_support=VFPv3D16 --include_path="C:/Users/sormoh/Desktop/Personal/Phantom/Software/FreeRTOS_1/include" --include_path="C:/Users/PTL/Desktop/Phantom/firmware/FreeRTOS Development" --include_path="C:/ti/ccs910/ccs/tools/compiler/ti-cgt-arm_18.12.2.LTS/include" -g --diag_warning=225 --diag_wrap=off --display_error_number --enum_type=packed --abi=eabi --preproc_with_compile --preproc_dependency="source/sys_dma.d_raw" --obj_directory="source"  "../source/sys_dma.c"
 
>> Compilation failure
source/subdir_rules.mk:9: recipe for target 'source/sys_dma.obj' failed
"../source/sys_dma.c", line 44: fatal error #1965: cannot open source file "sys_dma.h"
1 catastrophic error detected in the compilation of "../source/sys_dma.c".
Compilation terminated.
gmake: *** [source/sys_dma.obj] Error 1
Building file: "../source/sys_main.c"
Invoking: ARM Compiler
"C:/ti/ccs910/ccs/tools/compiler/ti-cgt-arm_18.12.2.LTS/bin/armcl" -mv7R4 --code_state=32 --float_support=VFPv3D16 --include_path="C:/Users/sormoh/Desktop/Personal/Phantom/Software/FreeRTOS_1/include" --include_path="C:/Users/PTL/Desktop/Phantom/firmware/FreeRTOS Development" --include_path="C:/ti/ccs910/ccs/tools/compiler/ti-cgt-arm_18.12.2.LTS/include" -g --diag_warning=225 --diag_wrap=off --display_error_number --enum_type=packed --abi=eabi --preproc_with_compile --preproc_dependency="source/sys_main.d_raw" --obj_directory="source"  "../source/sys_main.c"
 
>> Compilation failure
source/subdir_rules.mk:9: recipe for target 'source/sys_main.obj' failed
"../source/sys_main.c", line 50: fatal error #1965: cannot open source file "sys_common.h"
1 catastrophic error detected in the compilation of "../source/sys_main.c".
Compilation terminated.
gmake: *** [source/sys_main.obj] Error 1
Building file: "../source/sys_pcr.c"
Invoking: ARM Compiler
"C:/ti/ccs910/ccs/tools/compiler/ti-cgt-arm_18.12.2.LTS/bin/armcl" -mv7R4 --code_state=32 --float_support=VFPv3D16 --include_path="C:/Users/sormoh/Desktop/Personal/Phantom/Software/FreeRTOS_1/include" --include_path="C:/Users/PTL/Desktop/Phantom/firmware/FreeRTOS Development" --include_path="C:/ti/ccs910/ccs/tools/compiler/ti-cgt-arm_18.12.2.LTS/include" -g --diag_warning=225 --diag_wrap=off --display_error_number --enum_type=packed --abi=eabi --preproc_with_compile --preproc_dependency="source/sys_pcr.d_raw" --obj_directory="source"  "../source/sys_pcr.c"
 
>> Compilation failure
source/subdir_rules.mk:9: recipe for target 'source/sys_pcr.obj' failed
"../source/sys_pcr.c", line 42: fatal error #1965: cannot open source file "sys_pcr.h"
1 catastrophic error detected in the compilation of "../source/sys_pcr.c".
Compilation terminated.
gmake: *** [source/sys_pcr.obj] Error 1
Building file: "../source/sys_phantom.c"
Invoking: ARM Compiler
"C:/ti/ccs910/ccs/tools/compiler/ti-cgt-arm_18.12.2.LTS/bin/armcl" -mv7R4 --code_state=32 --float_support=VFPv3D16 --include_path="C:/Users/sormoh/Desktop/Personal/Phantom/Software/FreeRTOS_1/include" --include_path="C:/Users/PTL/Desktop/Phantom/firmware/FreeRTOS Development" --include_path="C:/ti/ccs910/ccs/tools/compiler/ti-cgt-arm_18.12.2.LTS/include" -g --diag_warning=225 --diag_wrap=off --display_error_number --enum_type=packed --abi=eabi --preproc_with_compile --preproc_dependency="source/sys_phantom.d_raw" --obj_directory="source"  "../source/sys_phantom.c"
 
>> Compilation failure
source/subdir_rules.mk:9: recipe for target 'source/sys_phantom.obj' failed
"../source/sys_phantom.c", line 45: fatal error #1965: cannot open source file "sys_common.h"
1 catastrophic error detected in the compilation of "../source/sys_phantom.c".
Compilation terminated.
gmake: *** [source/sys_phantom.obj] Error 1
Building file: "../source/sys_pmm.c"
Invoking: ARM Compiler
"C:/ti/ccs910/ccs/tools/compiler/ti-cgt-arm_18.12.2.LTS/bin/armcl" -mv7R4 --code_state=32 --float_support=VFPv3D16 --include_path="C:/Users/sormoh/Desktop/Personal/Phantom/Software/FreeRTOS_1/include" --include_path="C:/Users/PTL/Desktop/Phantom/firmware/FreeRTOS Development" --include_path="C:/ti/ccs910/ccs/tools/compiler/ti-cgt-arm_18.12.2.LTS/include" -g --diag_warning=225 --diag_wrap=off --display_error_number --enum_type=packed --abi=eabi --preproc_with_compile --preproc_dependency="source/sys_pmm.d_raw" --obj_directory="source"  "../source/sys_pmm.c"
 
>> Compilation failure
source/subdir_rules.mk:9: recipe for target 'source/sys_pmm.obj' failed
"../source/sys_pmm.c", line 42: fatal error #1965: cannot open source file "sys_pmm.h"
1 catastrophic error detected in the compilation of "../source/sys_pmm.c".
Compilation terminated.
gmake: *** [source/sys_pmm.obj] Error 1
Building file: "../source/sys_selftest.c"
Invoking: ARM Compiler
"C:/ti/ccs910/ccs/tools/compiler/ti-cgt-arm_18.12.2.LTS/bin/armcl" -mv7R4 --code_state=32 --float_support=VFPv3D16 --include_path="C:/Users/sormoh/Desktop/Personal/Phantom/Software/FreeRTOS_1/include" --include_path="C:/Users/PTL/Desktop/Phantom/firmware/FreeRTOS Development" --include_path="C:/ti/ccs910/ccs/tools/compiler/ti-cgt-arm_18.12.2.LTS/include" -g --diag_warning=225 --diag_wrap=off --display_error_number --enum_type=packed --abi=eabi --preproc_with_compile --preproc_dependency="source/sys_selftest.d_raw" --obj_directory="source"  "../source/sys_selftest.c"
 
>> Compilation failure
source/subdir_rules.mk:9: recipe for target 'source/sys_selftest.obj' failed
Building file: "../source/sys_startup.c"
Invoking: ARM Compiler
"C:/ti/ccs910/ccs/tools/compiler/ti-cgt-arm_18.12.2.LTS/bin/armcl" -mv7R4 --code_state=32 --float_support=VFPv3D16 --include_path="C:/Users/sormoh/Desktop/Personal/Phantom/Software/FreeRTOS_1/include" --include_path="C:/Users/PTL/Desktop/Phantom/firmware/FreeRTOS Development" --include_path="C:/ti/ccs910/ccs/tools/compiler/ti-cgt-arm_18.12.2.LTS/include" -g --diag_warning=225 --diag_wrap=off --display_error_number --enum_type=packed --abi=eabi --preproc_with_compile --preproc_dependency="source/sys_startup.d_raw" --obj_directory="source"  "../source/sys_startup.c"
 
>> Compilation failure
source/subdir_rules.mk:9: recipe for target 'source/sys_startup.obj' failed
"../source/sys_selftest.c", line 48: fatal error #1965: cannot open source file "sys_selftest.h"
1 catastrophic error detected in the compilation of "../source/sys_selftest.c".
Compilation terminated.
gmake: *** [source/sys_selftest.obj] Error 1
"../source/sys_startup.c", line 57: fatal error #1965: cannot open source file "sys_common.h"
1 catastrophic error detected in the compilation of "../source/sys_startup.c".
Compilation terminated.
gmake: *** [source/sys_startup.obj] Error 1
Building file: "../source/sys_vim.c"
Invoking: ARM Compiler
"C:/ti/ccs910/ccs/tools/compiler/ti-cgt-arm_18.12.2.LTS/bin/armcl" -mv7R4 --code_state=32 --float_support=VFPv3D16 --include_path="C:/Users/sormoh/Desktop/Personal/Phantom/Software/FreeRTOS_1/include" --include_path="C:/Users/PTL/Desktop/Phantom/firmware/FreeRTOS Development" --include_path="C:/ti/ccs910/ccs/tools/compiler/ti-cgt-arm_18.12.2.LTS/include" -g --diag_warning=225 --diag_wrap=off --display_error_number --enum_type=packed --abi=eabi --preproc_with_compile --preproc_dependency="source/sys_vim.d_raw" --obj_directory="source"  "../source/sys_vim.c"
 
>> Compilation failure
source/subdir_rules.mk:9: recipe for target 'source/sys_vim.obj' failed
"../source/sys_vim.c", line 44: fatal error #1965: cannot open source file "sys_vim.h"
1 catastrophic error detected in the compilation of "../source/sys_vim.c".
Compilation terminated.
gmake: *** [source/sys_vim.obj] Error 1
Building file: "../source/system.c"
Invoking: ARM Compiler
"C:/ti/ccs910/ccs/tools/compiler/ti-cgt-arm_18.12.2.LTS/bin/armcl" -mv7R4 --code_state=32 --float_support=VFPv3D16 --include_path="C:/Users/sormoh/Desktop/Personal/Phantom/Software/FreeRTOS_1/include" --include_path="C:/Users/PTL/Desktop/Phantom/firmware/FreeRTOS Development" --include_path="C:/ti/ccs910/ccs/tools/compiler/ti-cgt-arm_18.12.2.LTS/include" -g --diag_warning=225 --diag_wrap=off --display_error_number --enum_type=packed --abi=eabi --preproc_with_compile --preproc_dependency="source/system.d_raw" --obj_directory="source"  "../source/system.c"
 
>> Compilation failure
source/subdir_rules.mk:9: recipe for target 'source/system.obj' failed
"../source/system.c", line 53: fatal error #1965: cannot open source file "system.h"
1 catastrophic error detected in the compilation of "../source/system.c".
Compilation terminated.
gmake: *** [source/system.obj] Error 1
Building file: "../source/utilities.c"
Invoking: ARM Compiler
"C:/ti/ccs910/ccs/tools/compiler/ti-cgt-arm_18.12.2.LTS/bin/armcl" -mv7R4 --code_state=32 --float_support=VFPv3D16 --include_path="C:/Users/sormoh/Desktop/Personal/Phantom/Software/FreeRTOS_1/include" --include_path="C:/Users/PTL/Desktop/Phantom/firmware/FreeRTOS Development" --include_path="C:/ti/ccs910/ccs/tools/compiler/ti-cgt-arm_18.12.2.LTS/include" -g --diag_warning=225 --diag_wrap=off --display_error_number --enum_type=packed --abi=eabi --preproc_with_compile --preproc_dependency="source/utilities.d_raw" --obj_directory="source"  "../source/utilities.c"
 
>> Compilation failure
source/subdir_rules.mk:9: recipe for target 'source/utilities.obj' failed
"../source/utilities.c", line 11: fatal error #1965: cannot open source file "utilities.h"
1 catastrophic error detected in the compilation of "../source/utilities.c".
Compilation terminated.
gmake: *** [source/utilities.obj] Error 1
gmake: Target 'all' not remade because of errors.

**** Build Finished ****
